<?xml version="1.0" encoding="UTF-8" ?>
<testsuite tests="1" failures="1" name="tests.GetGatesSparkMethodTest" time="0.581" errors="0" skipped="0">
  <properties>
[...]
</properties>
  <testcase classname="tests.GetGatesSparkMethodTest" name="testHandleGetCGate" time="0.533">
    <failure message="expected:&lt;...{&quot;id&quot;:23,&quot;lon&quot;:18.46[2]49,&quot;lat&quot;:54.38126}]&gt; but was:&lt;...{&quot;id&quot;:23,&quot;lon&quot;:18.46[]49,&quot;lat&quot;:54.38126}]&gt;" type="org.junit.ComparisonFailure">org.junit.ComparisonFailure: expected:&lt;...{&quot;id&quot;:23,&quot;lon&quot;:18.46[2]49,&quot;lat&quot;:54.38126}]&gt; but was:&lt;...{&quot;id&quot;:23,&quot;lon&quot;:18.46[]49,&quot;lat&quot;:54.38126}]&gt;
	at org.junit.Assert.assertEquals(Assert.java:115)
	at org.junit.Assert.assertEquals(Assert.java:144)
	at tests.GetGatesSparkMethodTest.testHandleGetCGate(GetGatesSparkMethodTest.java:101)
	at sun.reflect.NativeMethodAccessorImpl.invoke0(Native Method)
	at sun.reflect.NativeMethodAccessorImpl.invoke(NativeMethodAccessorImpl.java:62)
	at sun.reflect.DelegatingMethodAccessorImpl.invoke(DelegatingMethodAccessorImpl.java:43)
	at java.lang.reflect.Method.invoke(Method.java:497)
	at org.junit.runners.model.FrameworkMethod$1.runReflectiveCall(FrameworkMethod.java:50)
	at org.junit.internal.runners.model.ReflectiveCallable.run(ReflectiveCallable.java:12)
	at org.junit.runners.model.FrameworkMethod.invokeExplosively(FrameworkMethod.java:47)
	at org.junit.internal.runners.statements.InvokeMethod.evaluate(InvokeMethod.java:17)
	at org.junit.internal.runners.statements.RunBefores.evaluate(RunBefores.java:26)
	at org.junit.internal.runners.statements.RunAfters.evaluate(RunAfters.java:27)
	at org.junit.runners.ParentRunner.runLeaf(ParentRunner.java:325)
	at org.junit.runners.BlockJUnit4ClassRunner.runChild(BlockJUnit4ClassRunner.java:78)
	at org.junit.runners.BlockJUnit4ClassRunner.runChild(BlockJUnit4ClassRunner.java:57)
	at org.junit.runners.ParentRunner$3.run(ParentRunner.java:290)
	at org.junit.runners.ParentRunner$1.schedule(ParentRunner.java:71)
	at org.junit.runners.ParentRunner.runChildren(ParentRunner.java:288)
	at org.junit.runners.ParentRunner.access$000(ParentRunner.java:58)
	at org.junit.runners.ParentRunner$2.evaluate(ParentRunner.java:268)
	at org.junit.internal.runners.statements.RunBefores.evaluate(RunBefores.java:26)
	at org.junit.internal.runners.statements.RunAfters.evaluate(RunAfters.java:27)
	at org.junit.runners.ParentRunner.run(ParentRunner.java:363)
	at org.apache.maven.surefire.junit4.JUnit4TestSet.execute(JUnit4TestSet.java:53)
	at org.apache.maven.surefire.junit4.JUnit4Provider.executeTestSet(JUnit4Provider.java:123)
	at org.apache.maven.surefire.junit4.JUnit4Provider.invoke(JUnit4Provider.java:104)
	at sun.reflect.NativeMethodAccessorImpl.invoke0(Native Method)
	at sun.reflect.NativeMethodAccessorImpl.invoke(NativeMethodAccessorImpl.java:62)
	at sun.reflect.DelegatingMethodAccessorImpl.invoke(DelegatingMethodAccessorImpl.java:43)
	at java.lang.reflect.Method.invoke(Method.java:497)
	at org.apache.maven.surefire.util.ReflectionUtils.invokeMethodWithArray(ReflectionUtils.java:164)
	at org.apache.maven.surefire.booter.ProviderFactory$ProviderProxy.invoke(ProviderFactory.java:110)
	at org.apache.maven.surefire.booter.SurefireStarter.invokeProvider(SurefireStarter.java:175)
	at org.apache.maven.surefire.booter.SurefireStarter.runSuitesInProcessWhenForked(SurefireStarter.java:107)
	at org.apache.maven.surefire.booter.ForkedBooter.main(ForkedBooter.java:68)
</failure>
    <system-out>handleGetCGate(Request req, Response res) test
[{&quot;id&quot;:1,&quot;lon&quot;:18.47429,&quot;lat&quot;:54.37914},{&quot;id&quot;:2,&quot;lon&quot;:18.47364,&quot;lat&quot;:54.37934},{&quot;id&quot;:3,&quot;lon&quot;:18.47291,&quot;lat&quot;:54.37953},{&quot;id&quot;:4,&quot;lon&quot;:18.4722,&quot;lat&quot;:54.37969},{&quot;id&quot;:5,&quot;lon&quot;:18.47149,&quot;lat&quot;:54.37985},{&quot;id&quot;:6,&quot;lon&quot;:18.47082,&quot;lat&quot;:54.37995},{&quot;id&quot;:7,&quot;lon&quot;:18.47021,&quot;lat&quot;:54.37982},{&quot;id&quot;:8,&quot;lon&quot;:18.46903,&quot;lat&quot;:54.37962},{&quot;id&quot;:9,&quot;lon&quot;:18.46838,&quot;lat&quot;:54.37977},{&quot;id&quot;:10,&quot;lon&quot;:18.46773,&quot;lat&quot;:54.37994},{&quot;id&quot;:11,&quot;lon&quot;:18.4671,&quot;lat&quot;:54.3801},{&quot;id&quot;:20,&quot;lon&quot;:18.46655,&quot;lat&quot;:54.38076},{&quot;id&quot;:21,&quot;lon&quot;:18.46606,&quot;lat&quot;:54.381},{&quot;id&quot;:22,&quot;lon&quot;:18.46543,&quot;lat&quot;:54.38112},{&quot;id&quot;:23,&quot;lon&quot;:18.4649,&quot;lat&quot;:54.38126}]
</system-out>
    <system-err>SLF4J: Failed to load class &quot;org.slf4j.impl.StaticLoggerBinder&quot;.
SLF4J: Defaulting to no-operation (NOP) logger implementation
SLF4J: See http://www.slf4j.org/codes.html#StaticLoggerBinder for further details.
</system-err>
  </testcase>
</testsuite>